<?xml version="1.0" encoding="UTF-8"?>
<testsuites name="SpriteCloudApi" tests="15" time="18.555">
  <testsuite name="Pet Flow / Create Pet" id="8e72a119-31b2-4072-b2b9-36ccc5a3fa2f" timestamp="2022-07-22T10:37:36.316Z" tests="4" failures="0" errors="0" time="1.890">
    <testcase name="Validating schema" time="1.890" classname="SpriteCloudApi"/>
    <testcase name="Status code is 200" time="1.890" classname="SpriteCloudApi"/>
    <testcase name="Pet created successfully with correct pet id" time="1.890" classname="SpriteCloudApi"/>
    <testcase name="Pet status is avaiable" time="1.890" classname="SpriteCloudApi"/>
  </testsuite>
  <testsuite name="Pet Flow / Get Pet byId" id="e97fbfec-2e14-456b-bad2-310026f7b6dd" timestamp="2022-07-22T10:37:36.316Z" tests="2" failures="0" errors="0" time="1.179">
    <testcase name="Status code is 200" time="1.179" classname="SpriteCloudApi"/>
    <testcase name="Pet id returned correctly" time="1.179" classname="SpriteCloudApi"/>
  </testsuite>
  <testsuite name="Pet Flow / Update Pet" id="2d0040f0-e87c-4bc1-9376-3f1e2b9a6950" timestamp="2022-07-22T10:37:36.316Z" tests="3" failures="0" errors="0" time="1.197">
    <testcase name="Status code is 200" time="1.197" classname="SpriteCloudApi"/>
    <testcase name="Pet id returned correctly" time="1.197" classname="SpriteCloudApi"/>
    <testcase name="Pet name returned correctly after update" time="1.197" classname="SpriteCloudApi"/>
  </testsuite>
  <testsuite name="Pet Flow / Delete Pet" id="2cc9514f-5d2f-4c4b-93f3-2481e6b2cfd6" timestamp="2022-07-22T10:37:36.316Z" tests="3" failures="0" errors="0" time="1.191">
    <testcase name="Status code is 200" time="1.191" classname="SpriteCloudApi"/>
    <testcase name="Check code returns 200 in response" time="1.191" classname="SpriteCloudApi"/>
    <testcase name="Check message returned deleted pet id" time="1.191" classname="SpriteCloudApi"/>
  </testsuite>
  <testsuite name="Pet Flow / Get Pet byId" id="00f9a14e-b65f-43a7-bbaf-3911a41ef3ae" timestamp="2022-07-22T10:37:36.316Z" tests="2" failures="0" errors="0" time="1.181">
    <testcase name="Status code is 404" time="1.181" classname="SpriteCloudApi"/>
    <testcase name="Check message returns pet not found" time="1.181" classname="SpriteCloudApi"/>
  </testsuite>
  <testsuite name="Users Flow / createUser" id="4f8bcd59-528a-48f6-a294-9a61f3073709" timestamp="2022-07-22T10:37:36.316Z" tests="3" failures="0" errors="0" time="1.170">
    <testcase name="Status code is 200" time="1.170" classname="SpriteCloudApi"/>
    <testcase name="Check code returns 200 in response" time="1.170" classname="SpriteCloudApi"/>
    <testcase name="message returns created user id" time="1.170" classname="SpriteCloudApi"/>
  </testsuite>
  <testsuite name="Users Flow / Find User" id="0d164c16-86d7-4e98-8918-8bb54b85bb4e" timestamp="2022-07-22T10:37:36.316Z" tests="3" failures="0" errors="0" time="1.291">
    <testcase name="Status code is 200" time="1.291" classname="SpriteCloudApi"/>
    <testcase name="Check username is returned correctly" time="1.291" classname="SpriteCloudApi"/>
    <testcase name="Check user id is returned correctly" time="1.291" classname="SpriteCloudApi"/>
  </testsuite>
  <testsuite name="Users Flow / update user" id="ab4df1c5-e610-4f37-add7-a43dfde3739e" timestamp="2022-07-22T10:37:36.316Z" tests="3" failures="0" errors="0" time="1.180">
    <testcase name="Status code is 200" time="1.180" classname="SpriteCloudApi"/>
    <testcase name="Check code returns 200 in response" time="1.180" classname="SpriteCloudApi"/>
    <testcase name="message returns updated user id" time="1.180" classname="SpriteCloudApi"/>
  </testsuite>
  <testsuite name="Users Flow / Find user after update" id="a1505973-1d3e-4ad2-b72e-4d49b5a93ca8" timestamp="2022-07-22T10:37:36.316Z" tests="3" failures="0" errors="0" time="1.188">
    <testcase name="Status code is 200" time="1.188" classname="SpriteCloudApi"/>
    <testcase name="Check username is returned after update" time="1.188" classname="SpriteCloudApi"/>
    <testcase name="Check user id is returned correcly" time="1.188" classname="SpriteCloudApi"/>
  </testsuite>
  <testsuite name="Users Flow / Delete User" id="ac538e62-169f-4b17-b099-4b1d5945a2c0" timestamp="2022-07-22T10:37:36.316Z" tests="3" failures="0" errors="0" time="1.188">
    <testcase name="Check code returns 200 in response" time="1.188" classname="SpriteCloudApi"/>
    <testcase name="Status code is 200" time="1.188" classname="SpriteCloudApi"/>
    <testcase name="Check message returns deleted username" time="1.188" classname="SpriteCloudApi"/>
  </testsuite>
  <testsuite name="Users Flow / Find User Copy" id="d8a2e984-25dc-41a7-a408-cc269d57300a" timestamp="2022-07-22T10:37:36.316Z" tests="2" failures="0" errors="0" time="1.194">
    <testcase name="Status code is 200" time="1.194" classname="SpriteCloudApi"/>
    <testcase name="Check message returns user not found" time="1.194" classname="SpriteCloudApi"/>
  </testsuite>
  <testsuite name="Stores Flow / Place order" id="f4ed88a1-93dd-4c4f-a043-888fb3289ed4" timestamp="2022-07-22T10:37:36.316Z" tests="3" failures="0" errors="0" time="1.162">
    <testcase name="Status code is 200" time="1.162" classname="SpriteCloudApi"/>
    <testcase name="Check order id returns correct" time="1.162" classname="SpriteCloudApi"/>
    <testcase name="Check that order status is correct" time="1.162" classname="SpriteCloudApi"/>
  </testsuite>
  <testsuite name="Stores Flow / Find order" id="8e65ff7c-5343-4677-bf56-758f5cb0ba31" timestamp="2022-07-22T10:37:36.316Z" tests="2" failures="0" errors="0" time="1.188">
    <testcase name="Status code is 200" time="1.188" classname="SpriteCloudApi"/>
    <testcase name="Check order id is returned correctly" time="1.188" classname="SpriteCloudApi"/>
  </testsuite>
  <testsuite name="Stores Flow / Delete order" id="ab4ed9db-e7ca-4be2-a56d-46e1dc42c421" timestamp="2022-07-22T10:37:36.316Z" tests="3" failures="0" errors="0" time="1.161">
    <testcase name="Check code returns 200 in response" time="1.161" classname="SpriteCloudApi"/>
    <testcase name="Status code is 200" time="1.161" classname="SpriteCloudApi"/>
    <testcase name="Check message returns deleted order" time="1.161" classname="SpriteCloudApi"/>
  </testsuite>
  <testsuite name="Stores Flow / Find order" id="08b8b438-e425-446a-8371-3c6c9f83a8e7" timestamp="2022-07-22T10:37:36.316Z" tests="2" failures="0" errors="0" time="1.195">
    <testcase name="Status code is 200" time="1.195" classname="SpriteCloudApi"/>
    <testcase name="Check message returns order not found" time="1.195" classname="SpriteCloudApi"/>
  </testsuite>
</testsuites>